{"name": "test_search_without_entering_any_product", "status": "failed", "statusDetails": {"message": "AssertionError: assert False\n +  where False = <method-wrapper '__contains__' of str object at 0x000001EC2AF98810>('There is no product that matches the search criteria.AB')\n +    where <method-wrapper '__contains__' of str object at 0x000001EC2AF98810> = 'There is no product that matches the search criteria.'.__contains__\n +      where 'There is no product that matches the search criteria.' = retrieve_no_product_message()\n +        where retrieve_no_product_message = <pages.SearchPage.SearchPage object at 0x000001EC2AF642D0>.retrieve_no_product_message", "trace": "self = <tests.test_Search.TestSearch object at 0x000001EC2AAF5BA0>\n\n    def test_search_without_entering_any_product(self):\n        home_page = HomePage(self.driver)\n        home_page.enter_product_into_search_box_field(\"\")\n        search_page= home_page.click_on_search_button()\n        expected_text = \"There is no product that matches the search criteria.AB\"\n>       assert search_page.retrieve_no_product_message().__contains__(expected_text)\nE       AssertionError: assert False\nE        +  where False = <method-wrapper '__contains__' of str object at 0x000001EC2AF98810>('There is no product that matches the search criteria.AB')\nE        +    where <method-wrapper '__contains__' of str object at 0x000001EC2AF98810> = 'There is no product that matches the search criteria.'.__contains__\nE        +      where 'There is no product that matches the search criteria.' = retrieve_no_product_message()\nE        +        where retrieve_no_product_message = <pages.SearchPage.SearchPage object at 0x000001EC2AF642D0>.retrieve_no_product_message\n\ntests\\test_Search.py:31: AssertionError"}, "start": 1734967925709, "stop": 1734967926497, "uuid": "eec26bec-9ce0-4029-a1aa-f8e4d823b4a1", "historyId": "05faa69b42346d7fd4713a5dbe872b45", "testCaseId": "05faa69b42346d7fd4713a5dbe872b45", "fullName": "tests.test_Search.TestSearch#test_search_without_entering_any_product", "labels": [{"name": "tag", "value": "@pytest.mark.usefixtures('setup_and_teardown', 'log_on_failure')"}, {"name": "parentSuite", "value": "tests"}, {"name": "suite", "value": "test_Search"}, {"name": "subSuite", "value": "TestSearch"}, {"name": "host", "value": "EPINHYDW04A4"}, {"name": "thread", "value": "2156-MainThread"}, {"name": "framework", "value": "pytest"}, {"name": "language", "value": "cpython3"}, {"name": "package", "value": "tests.test_Search"}]}